2024-09-01 15:04:19,005 [INFO] McuFinderGlobals:63 - Set McuFinder mode to 2 (CubeIDE integrated)
2024-09-01 15:04:19,435 [ERROR] CheckConnectionManager:249 - Problem, Http access forbiden
2024-09-01 15:04:19,438 [INFO] MainUpdater:2873 - connection check result : 22
2024-09-01 15:04:19,670 [ERROR] CheckConnectionManager:249 - Problem, Http access forbiden
2024-09-01 15:04:19,673 [INFO] MainUpdater:2873 - connection check result : 22
2024-09-01 15:04:29,799 [ERROR] CheckConnectionManager:249 - Problem, Http access forbiden
2024-09-01 15:04:29,801 [INFO] MainUpdater:2873 - connection check result : 22
2024-09-01 15:04:32,847 [INFO] MicroXplorer:468 - Change Database Path : 
2024-09-01 15:04:32,847 [INFO] MicroXplorer:498 - Change Database Version : DB.6.0.100
2024-09-01 15:04:32,854 [WARN] ThirdParty:871 - waiting for thirdparty lock release [close project]
2024-09-01 15:04:32,854 [INFO] ThirdParty:873 - entering critical section [close project]
2024-09-01 15:04:32,855 [INFO] ThirdParty:883 - exiting critical section [close project]
2024-09-01 15:04:32,858 [INFO] PinOutPanel:1499 - setPackage(No Configuration,No Configuration)
2024-09-01 15:04:32,863 [INFO] UtilMem:75 - Begin LoadConfig() Used Memory: 174155584 Bytes (363855872)
2024-09-01 15:04:32,865 [INFO] MicroXplorer:468 - Change Database Path : 
2024-09-01 15:04:32,866 [INFO] MicroXplorer:498 - Change Database Version : DB.6.0.100
2024-09-01 15:04:32,866 [INFO] OpenFileManager:312 - Change cursor
2024-09-01 15:04:32,964 [INFO] Mcu:2016 - Initializing MCU STM32F407V(E-G)Tx STM32F407VGTx STM32F407VGT6
2024-09-01 15:04:35,550 [INFO] Context:659 - Trying to add GPIOservice into a context  which must be forbidden
2024-09-01 15:04:36,557 [WARN] ModelIntegratedComponent:63 - No mode defined for component null
2024-09-01 15:04:36,557 [WARN] ModelIntegratedComponent:63 - No mode defined for component null
2024-09-01 15:04:36,557 [WARN] ModelIntegratedComponent:63 - No mode defined for component null
2024-09-01 15:04:36,557 [WARN] ModelIntegratedComponent:63 - No mode defined for component null
2024-09-01 15:04:36,557 [WARN] ModelIntegratedComponent:63 - No mode defined for component null
2024-09-01 15:04:36,557 [WARN] ModelIntegratedComponent:63 - No mode defined for component null
2024-09-01 15:04:36,558 [WARN] ModelIntegratedComponent:63 - No mode defined for component null
2024-09-01 15:04:36,558 [WARN] ModelIntegratedComponent:63 - No mode defined for component null
2024-09-01 15:04:36,558 [WARN] ModelIntegratedComponent:63 - No mode defined for component null
2024-09-01 15:04:36,558 [WARN] ModelIntegratedComponent:63 - No mode defined for component null
2024-09-01 15:04:36,558 [WARN] ModelIntegratedComponent:63 - No mode defined for component null
2024-09-01 15:04:36,558 [WARN] ModelIntegratedComponent:63 - No mode defined for component null
2024-09-01 15:04:36,558 [WARN] ModelIntegratedComponent:63 - No mode defined for component null
2024-09-01 15:04:36,558 [WARN] ModelIntegratedComponent:63 - No mode defined for component null
2024-09-01 15:04:36,558 [WARN] ModelIntegratedComponent:63 - No mode defined for component null
2024-09-01 15:04:36,558 [WARN] ModelIntegratedComponent:63 - No mode defined for component null
2024-09-01 15:04:36,558 [WARN] ModelIntegratedComponent:63 - No mode defined for component null
2024-09-01 15:04:36,559 [WARN] ModelIntegratedComponent:63 - No mode defined for component null
2024-09-01 15:04:36,559 [WARN] ModelIntegratedComponent:63 - No mode defined for component null
2024-09-01 15:04:36,559 [WARN] ModelIntegratedComponent:63 - No mode defined for component null
2024-09-01 15:04:36,559 [WARN] ModelIntegratedComponent:63 - No mode defined for component null
2024-09-01 15:04:36,559 [WARN] ModelIntegratedComponent:63 - No mode defined for component null
2024-09-01 15:04:36,559 [WARN] ModelIntegratedComponent:63 - No mode defined for component null
2024-09-01 15:04:36,559 [WARN] ModelIntegratedComponent:63 - No mode defined for component null
2024-09-01 15:04:36,559 [WARN] ModelIntegratedComponent:63 - No mode defined for component null
2024-09-01 15:04:36,559 [WARN] ModelIntegratedComponent:63 - No mode defined for component null
2024-09-01 15:04:36,559 [WARN] ModelIntegratedComponent:63 - No mode defined for component null
2024-09-01 15:04:36,560 [WARN] ModelIntegratedComponent:63 - No mode defined for component null
2024-09-01 15:04:36,560 [WARN] ModelIntegratedComponent:63 - No mode defined for component null
2024-09-01 15:04:36,560 [WARN] ModelIntegratedComponent:63 - No mode defined for component null
2024-09-01 15:04:36,560 [WARN] ModelIntegratedComponent:63 - No mode defined for component null
2024-09-01 15:04:36,560 [WARN] ModelIntegratedComponent:63 - No mode defined for component null
2024-09-01 15:04:36,560 [WARN] ModelIntegratedComponent:63 - No mode defined for component null
2024-09-01 15:04:36,713 [INFO] RtosManager:555 - Registered RTOS mode: class=CMSIS, group=RTOS, mode=CMSIS_V1, owner=FREERTOS
2024-09-01 15:04:36,713 [INFO] RtosManager:555 - Registered RTOS mode: class=CMSIS, group=RTOS2, mode=CMSIS_V2, owner=FREERTOS
2024-09-01 15:04:36,713 [INFO] RtosManager:555 - Registered RTOS mode: class=RTOS, group=Core, mode=CMSIS_V1, owner=FREERTOS
2024-09-01 15:04:36,713 [INFO] RtosManager:555 - Registered RTOS mode: class=RTOS, group=Core, mode=CMSIS_V2, owner=FREERTOS
2024-09-01 15:04:36,713 [WARN] ModelIntegratedComponent:184 - Missing modes for component STMicroelectronics:FreeRTOS:0.0.1:STMicroelectronics:RTOS:FreeRTOS:Core:::10.2.0:
2024-09-01 15:04:36,730 [INFO] ThirdPartyModel:298 - Start build external matchings
2024-09-01 15:04:36,785 [INFO] ThirdPartyModel:316 - End build external matchings
2024-09-01 15:04:36,799 [INFO] ImportTextPane:194 - (OptionalMessage_ERROR) IP (RCC) : Parameter (RTCHSEDivFreq_Value) has invalid value (4000000)
2024-09-01 15:04:37,318 [INFO] UtilMem:75 - End LoadConfig() Used Memory: 171365600 Bytes (526385152)
2024-09-01 15:04:37,467 [INFO] ApiDb:581 - Connected to CubeFinder SQLite database (C:\Users\s\.stmcufinder\plugins\mcufinder\mcu\cube-finder-db.db)
2024-09-01 15:04:37,594 [INFO] ApiDb:668 - CubeFinder database Data Model version=2.1
2024-09-01 15:04:37,594 [INFO] ApiDb:669 - CubeFinder database Configuration version=3.0.39
2024-09-01 15:04:37,595 [INFO] ApiDb:670 - CubeFinder database generation date=2024-03-01 (1709305525)
2024-09-01 15:04:37,596 [INFO] ApiDb:671 - CubeFinder database FW Pack versions=[FP-ATR-ASTRA1_V2.0.0, FP-SNS-FLIGHT1_V5.0.1, FP-SNS-FLIGHT1_V5.0.2, FP-SNS-MOTENV1_V4.3.1, FP-SNS-MOTENV1_V4.3.2, FP-SNS-MOTENVWB1_V1.3.1, FP-SNS-SMARTAG2_V1.2.0, STM32Cube_FW_C0_V1.1.0, STM32Cube_FW_F4_V1.28.0, STM32Cube_FW_F7_V1.17.0, STM32Cube_FW_G0_V1.6.2, STM32Cube_FW_G4_V1.5.2, STM32Cube_FW_H5_V0.5.1, STM32Cube_FW_H5_V1.1.1, STM32Cube_FW_H5_V1.2.0, STM32Cube_FW_H5_V1.2.0RC4, STM32Cube_FW_H7RS_V1.0.0, STM32Cube_FW_H7RS_V1.0.0RC4, STM32Cube_FW_H7_V1.11.0, STM32Cube_FW_L0_V1.12.2, STM32Cube_FW_L5_V1.5.1, STM32Cube_FW_U0_V1.0.0, STM32Cube_FW_U0_V1.0.0RC1, STM32Cube_FW_U5_V1.3.0RC4, STM32Cube_FW_U5_V1.5.0, STM32Cube_FW_U5_V1.5.0RC1, STM32Cube_FW_WBA_V1.0.0RC1, STM32Cube_FW_WBA_V1.2.0, STM32Cube_FW_WBA_V1.2.0RC2, STM32Cube_FW_WBA_V1.3.0, STM32Cube_FW_WBA_V1.3.0RC1, STM32Cube_FW_WB_V1.15.0RC1, STM32Cube_FW_WB_V1.16.0, STM32Cube_FW_WB_V1.16.0RC2, STM32Cube_FW_WB_V1.18.0, STM32Cube_FW_WB_V1.19.0, STM32Cube_FW_WL_V1.3.0, X-CUBE-ALGOBUILD_V1.3.0, X-CUBE-ALS_V1.0.1, X-CUBE-AZRTOS-F4_V1.1.0, X-CUBE-AZRTOS-F7_V1.1.0, X-CUBE-AZRTOS-G0_V1.1.0, X-CUBE-AZRTOS-G4_V2.0.0, X-CUBE-AZRTOS-H7_V3.2.0, X-CUBE-AZRTOS-L4_V1.0.0, X-CUBE-AZRTOS-L4_V2.0.0, X-CUBE-AZRTOS-L5_V1.1.0, X-CUBE-AZRTOS-WB_V2.0.0, X-CUBE-AZRTOS-WL_V2.0.0, X-CUBE-BLE1_V7.0.0, X-CUBE-BLE2_V3.3.0, X-CUBE-BLEMGR_V3.1.0, X-CUBE-EEPRMA1_V4.1.0, X-CUBE-EEPRMA1_V5.1.0, X-CUBE-FREERTOS_V1.1.0, X-CUBE-GNSS1_V6.0.0, X-CUBE-MEMS1_V10.0.0, X-CUBE-MEMS1_V9.1.0, X-CUBE-MEMS1_V9.4.0, X-CUBE-MEMS1_V9.6.0, X-CUBE-NFC4_V3.0.0, X-CUBE-NFC7_V1.0.1, X-CUBE-SFXS2LP1_V4.0.0, X-CUBE-SUBG2_V5.0.0, X-CUBE-TOF1_V3.4.0]
2024-09-01 15:04:40,484 [INFO] ApiDb:240 - Found 371 in-development CPN: [B-G473E-ZEST1S, B-WB1M-WPAN1, B-WL5M-SUBG1, NUCLEO-C031C6, NUCLEO-H503RB, NUCLEO-H563ZI, NUCLEO-U545RE-Q, NUCLEO-U5A5ZJ-Q, NUCLEO-WBA52CG, NUCLEO-WBA55CG, STEVAL-MKBOXPRO, STEVAL-PROTEUS1, STEVAL-STWINBX1, STM320518-EVAL, STM32C0116-DK, STM32C011D6Y3TR, STM32C011D6Y6TR, STM32C011F4P3, STM32C011F4P6, STM32C011F4U3, STM32C011F4U6TR, STM32C011F6P3, STM32C011F6P6, STM32C011F6U3, STM32C011F6U6TR, STM32C011J4M3, STM32C011J4M6, STM32C011J6M3, STM32C011J6M6, STM32C0316-DK, STM32C031C4T3, STM32C031C4T6, STM32C031C4U3, STM32C031C4U6, STM32C031C6T3, STM32C031C6T6, STM32C031C6U3, STM32C031C6U6, STM32C031F4P3, STM32C031F4P6, STM32C031F6P3, STM32C031F6P6, STM32C031G4U3, STM32C031G4U6, STM32C031G6U3, STM32C031G6U6, STM32C031K4T3, STM32C031K4T6, STM32C031K4U3, STM32C031K4U6, STM32C031K6T3, STM32C031K6T6, STM32C031K6U3, STM32C031K6U6, STM32G071K8TXN, STM32G071K8UXN, STM32G081GBU6N, STM32G081KBT6N, STM32G081KBUXN, STM32G0B1CCT6N, STM32G0B1KCT6, STM32G0B1NEY6TR, STM32G0B1RCT6N, STM32G0C1CCT6, STM32G0C1CCT6N, STM32G0C1CCU6N, STM32G0C1CET6N, STM32G0C1CEU6N, STM32G0C1KCT6, STM32G0C1NEY6TR, STM32G0C1RCI6N, STM32G0C1RCT6N, STM32G0C1REI6N, STM32G0C1RET6N, STM32G0C1VCI6, STM32G0C1VEI6, STM32G471CCT6, STM32G471CCU6, STM32G471CET3, STM32G471CET6, STM32G471CEU3, STM32G471CEU6, STM32G471MCT6, STM32G471MET3, STM32G471MET6, STM32G471MEY6TR, STM32G471QCT6, STM32G471QET3, STM32G471RCT6, STM32G471RET3, STM32G471RET6, STM32G471VCH6, STM32G471VCI6, STM32G471VCT6, STM32G471VEH3, STM32G471VEH6, STM32G471VEI3, STM32G471VEI6, STM32G471VET3, STM32G471VET6, STM32G474CCT6, STM32H503CBT6, STM32H503CBU6, STM32H503EBY6TR, STM32H503KBU6, STM32H503RBT6, STM32H562AGI6, STM32H562AII6, STM32H562IGK6, STM32H562IGT6, STM32H562IIK6, STM32H562IIT6, STM32H562RGT6, STM32H562RGV6, STM32H562RIT6, STM32H562RIV6, STM32H562VGT6, STM32H562VIT6, STM32H562ZGT6, STM32H562ZIT6, STM32H563AGI6, STM32H563AII3Q, STM32H563AII6, STM32H563IGK6, STM32H563IGT6, STM32H563IIK3Q, STM32H563IIK6, STM32H563IIT3Q, STM32H563IIT6, STM32H563MIY3QTR, STM32H563RGT6, STM32H563RGV6, STM32H563RIT6, STM32H563RIV6, STM32H563VGT6, STM32H563VIT3Q, STM32H563VIT6, STM32H563ZGT6, STM32H563ZIT3Q, STM32H563ZIT6, STM32H573AII3Q, STM32H573AII6, STM32H573I-DK, STM32H573IIK3Q, STM32H573IIK6, STM32H573IIT3Q, STM32H573IIT6, STM32H573MIY3QTR, STM32H573RIT6, STM32H573RIV6, STM32H573VIT3Q, STM32H573VIT6, STM32H573ZIT3Q, STM32H573ZIT6, STM32L4R5QGI6STR, STM32MP131AAE3, STM32MP131AAF3, STM32MP131AAG3, STM32MP131CAE3, STM32MP131CAF3, STM32MP131CAG3, STM32MP131DAE7, STM32MP131DAF7, STM32MP131DAG7, STM32MP131FAE7, STM32MP131FAF7, STM32MP131FAG7, STM32MP133AAE3, STM32MP133AAF3, STM32MP133AAG3, STM32MP133CAE3, STM32MP133CAF3, STM32MP133CAG3, STM32MP133DAE7, STM32MP133DAF7, STM32MP133DAG7, STM32MP133FAE7, STM32MP133FAF7, STM32MP133FAG7, STM32MP135AAE3, STM32MP135AAF3, STM32MP135AAG3, STM32MP135CAE3, STM32MP135CAF3, STM32MP135CAG3, STM32MP135DAE7, STM32MP135DAF7, STM32MP135DAG7, STM32MP135F-DK, STM32MP135FAE7, STM32MP135FAF7, STM32MP135FAF7T, STM32MP135FAF7U, STM32MP135FAG7, STM32U535CBT6, STM32U535CBT6Q, STM32U535CBU6, STM32U535CBU6Q, STM32U535CCT6, STM32U535CCT6Q, STM32U535CCU6, STM32U535CCU6Q, STM32U535CET6, STM32U535CET6Q, STM32U535CEU6, STM32U535CEU6Q, STM32U535JEY6QTR, STM32U535NCY6QTR, STM32U535NEY6QTR, STM32U535RBI6, STM32U535RBI6Q, STM32U535RBT6, STM32U535RBT6Q, STM32U535RCI6, STM32U535RCI6Q, STM32U535RCT6, STM32U535RCT6Q, STM32U535REI6, STM32U535REI6Q, STM32U535RET6, STM32U535RET6Q, STM32U535VCI6, STM32U535VCI6Q, STM32U535VCT6, STM32U535VCT6Q, STM32U535VEI6, STM32U535VEI6Q, STM32U535VET6, STM32U535VET6Q, STM32U545CET6, STM32U545CET6Q, STM32U545CEU6, STM32U545CEU6Q, STM32U545JEY6QTR, STM32U545NEY6QTR, STM32U545REI6, STM32U545REI6Q, STM32U545RET6, STM32U545RET6Q, STM32U545VEI6, STM32U545VEI6Q, STM32U545VET6, STM32U545VET6Q, STM32U595AIH6, STM32U595AIH6Q, STM32U595AJH6, STM32U595AJH6Q, STM32U595QII6, STM32U595QII6Q, STM32U595QJI6, STM32U595QJI6Q, STM32U595RIT6, STM32U595RIT6Q, STM32U595RJT6, STM32U595RJT6Q, STM32U595VIT6, STM32U595VIT6Q, STM32U595VJT6, STM32U595VJT6Q, STM32U595ZIT6, STM32U595ZIT6Q, STM32U595ZIY6QTR, STM32U595ZJT6, STM32U595ZJT6Q, STM32U595ZJY6QTR, STM32U599BJY6QTR, STM32U599NIH6Q, STM32U599NJH6Q, STM32U599VIT6Q, STM32U599VJT6, STM32U599VJT6Q, STM32U599ZIT6Q, STM32U599ZIY6QTR, STM32U599ZJT6Q, STM32U599ZJY6QTR, STM32U5A5AJH6, STM32U5A5AJH6Q, STM32U5A5QJI6, STM32U5A5QJI6Q, STM32U5A5RJT6, STM32U5A5RJT6Q, STM32U5A5VJT6, STM32U5A5VJT6Q, STM32U5A5ZJT6, STM32U5A5ZJT6Q, STM32U5A5ZJY6QTR, STM32U5A9BJY6QTR, STM32U5A9J-DK, STM32U5A9NJH6Q, STM32U5A9VJT6Q, STM32U5A9ZJT6Q, STM32U5A9ZJY6QTR, STM32U5F7VIT6, STM32U5F7VIT6Q, STM32U5F7VJT6, STM32U5F7VJT6Q, STM32U5F9BJY6QTR, STM32U5F9NJH6Q, STM32U5F9VIT6Q, STM32U5F9VJT6Q, STM32U5F9ZIJ6QTR, STM32U5F9ZIT6Q, STM32U5F9ZJJ6QTR, STM32U5F9ZJT6Q, STM32U5G7VJT6, STM32U5G7VJT6Q, STM32U5G9BJY6QTR, STM32U5G9J-DK1, STM32U5G9J-DK2, STM32U5G9NJH6Q, STM32U5G9VJT6Q, STM32U5G9ZJJ6QTR, STM32U5G9ZJT6Q, STM32WB1MMCH6, STM32WBA50KEU6, STM32WBA50KEU6TR, STM32WBA50KGU6, STM32WBA50KGU6TR, STM32WBA52CEU6, STM32WBA52CEU6TR, STM32WBA52CEU7, STM32WBA52CEU7TR, STM32WBA52CGU6, STM32WBA52CGU6TR, STM32WBA52CGU6U, STM32WBA52CGU7, STM32WBA52CGU7TR, STM32WBA52KEU6, STM32WBA52KEU6TR, STM32WBA52KGU6, STM32WBA52KGU6TR, STM32WBA54CEU6, STM32WBA54CEU6TR, STM32WBA54CEU7, STM32WBA54CEU7TR, STM32WBA54CGU6, STM32WBA54CGU6TR, STM32WBA54CGU7, STM32WBA54CGU7TR, STM32WBA54KEU6, STM32WBA54KEU6TR, STM32WBA54KEU7, STM32WBA54KEU7TR, STM32WBA54KGU6, STM32WBA54KGU6TR, STM32WBA54KGU7, STM32WBA54KGU7TR, STM32WBA55CEU6, STM32WBA55CEU6TR, STM32WBA55CEU7, STM32WBA55CEU7TR, STM32WBA55CGU6, STM32WBA55CGU6TR, STM32WBA55CGU6U, STM32WBA55CGU7, STM32WBA55CGU7TR, STM32WBA55G-DK1, STM32WBA55HEF6, STM32WBA55HEF7, STM32WBA55HGF6, STM32WBA55HGF7, STM32WBA55UEI6, STM32WBA55UEI6TR, STM32WBA55UEI7, STM32WBA55UEI7TR, STM32WBA55UGI6, STM32WBA55UGI6TR, STM32WBA55UGI7, STM32WBA55UGI7TR, STM32WL5MOCH6, STM32WL5MOCH6TR]
2024-09-01 15:04:40,489 [INFO] DbMcus:218 - Found 3986 MCUs, 3986 are supported
2024-09-01 15:04:40,490 [INFO] ApiDb:423 - Load user favorites file C:\Users\s/.stm32cubeide/favorites.mcus.txt: 2 item(s)
2024-09-01 15:04:40,490 [INFO] ApiDb:427 - User favorites MCUs=[STM32F030F4P6, STM32F405RGT6]
2024-09-01 15:04:40,490 [INFO] DbMcus:224 - Set 2 / 2 favorites MCUs
2024-09-01 15:04:41,084 [INFO] MicroXplorer:468 - Change Database Path : 
2024-09-01 15:04:41,084 [INFO] MicroXplorer:498 - Change Database Version : DB.6.0.100
2024-09-01 15:04:41,085 [WARN] ThirdParty:833 - waiting for thirdparty lock release [change project]
2024-09-01 15:04:41,085 [INFO] ThirdParty:835 - entering critical section [change project]
2024-09-01 15:04:41,085 [INFO] ThirdParty:1030 - CMSIS Pack Vendor :STMicroelectronics USBPD 4.1
2024-09-01 15:04:41,085 [INFO] ThirdParty:1030 - CMSIS Pack Vendor :STMicroelectronics X-CUBE-DISPLAY 3.0.0
2024-09-01 15:04:41,085 [INFO] ThirdParty:1030 - CMSIS Pack Vendor :STMicroelectronics X-CUBE-GNSS1 6.0.0
2024-09-01 15:04:41,085 [INFO] ThirdParty:1030 - CMSIS Pack Vendor :STMicroelectronics USB_HOST 2.0.0
2024-09-01 15:04:41,085 [INFO] ThirdParty:1030 - CMSIS Pack Vendor :STMicroelectronics LIBJPEG 8.0.0
2024-09-01 15:04:41,085 [INFO] ThirdParty:1030 - CMSIS Pack Vendor :STMicroelectronics X-CUBE-BLE1 7.0.0
2024-09-01 15:04:41,085 [INFO] ThirdParty:1030 - CMSIS Pack Vendor :STMicroelectronics FP-ATR-SIGFOX1 3.2.0
2024-09-01 15:04:41,086 [INFO] ThirdParty:1030 - CMSIS Pack Vendor :STMicroelectronics USB_DEVICE 3.0.0
2024-09-01 15:04:41,086 [INFO] ThirdParty:1030 - CMSIS Pack Vendor :STMicroelectronics HAL Drivers 0.0.0
2024-09-01 15:04:41,086 [INFO] ThirdParty:1030 - CMSIS Pack Vendor :STMicroelectronics MBEDTLS 2.16.2
2024-09-01 15:04:41,086 [INFO] ThirdParty:1030 - CMSIS Pack Vendor :STMicroelectronics X-CUBE-MEMS1 10.0.0
2024-09-01 15:04:41,086 [INFO] ThirdParty:1030 - CMSIS Pack Vendor :STMicroelectronics X-CUBE-NFC7 1.0.1
2024-09-01 15:04:41,086 [INFO] ThirdParty:1030 - CMSIS Pack Vendor :STMicroelectronics MBEDTLS 2.14.1
2024-09-01 15:04:41,086 [INFO] ThirdParty:1030 - CMSIS Pack Vendor :STMicroelectronics USB_DEVICE 2.0.0
2024-09-01 15:04:41,086 [INFO] ThirdParty:1030 - CMSIS Pack Vendor :STMicroelectronics ThreadX 1.0.0
2024-09-01 15:04:41,086 [INFO] ThirdParty:1030 - CMSIS Pack Vendor :STMicroelectronics FP-SNS-SMARTAG2 1.2.0
2024-09-01 15:04:41,086 [INFO] ThirdParty:1030 - CMSIS Pack Vendor :STMicroelectronics FreeRTOS 0.0.1
2024-09-01 15:04:41,086 [INFO] ThirdParty:1030 - CMSIS Pack Vendor :STMicroelectronics USB_DEVICE 1.0.0
2024-09-01 15:04:41,086 [INFO] ThirdParty:1030 - CMSIS Pack Vendor :STMicroelectronics X-CUBE-NFC4 3.0.0
2024-09-01 15:04:41,086 [INFO] ThirdParty:1030 - CMSIS Pack Vendor :STMicroelectronics STM32_WPAN 1.0.0
2024-09-01 15:04:41,086 [INFO] ThirdParty:1030 - CMSIS Pack Vendor :STMicroelectronics ThreadX 0.0.2
2024-09-01 15:04:41,086 [INFO] ThirdParty:1030 - CMSIS Pack Vendor :STMicroelectronics FP-ATR-ASTRA1 2.0.0
2024-09-01 15:04:41,086 [INFO] ThirdParty:1030 - CMSIS Pack Vendor :STMicroelectronics lwIP 2.0.3
2024-09-01 15:04:41,086 [INFO] ThirdParty:1030 - CMSIS Pack Vendor :STMicroelectronics lwIP 2.1.2
2024-09-01 15:04:41,086 [INFO] ThirdParty:1030 - CMSIS Pack Vendor :STMicroelectronics X-CUBE-SFXS2LP1 4.0.0
2024-09-01 15:04:41,086 [INFO] ThirdParty:1030 - CMSIS Pack Vendor :STMicroelectronics FP-SNS-FLIGHT1 5.0.2
2024-09-01 15:04:41,086 [INFO] ThirdParty:1030 - CMSIS Pack Vendor :STMicroelectronics X-CUBE-BLE2 3.3.0
2024-09-01 15:04:41,086 [INFO] ThirdParty:1030 - CMSIS Pack Vendor :STMicroelectronics USB_HOST 1.0.0
2024-09-01 15:04:41,086 [INFO] ThirdParty:1030 - CMSIS Pack Vendor :STMicroelectronics PDM2PCM 3.1.0
2024-09-01 15:04:41,086 [INFO] ThirdParty:1030 - CMSIS Pack Vendor :STMicroelectronics PDM2PCM 3.2.0
2024-09-01 15:04:41,086 [INFO] ThirdParty:1030 - CMSIS Pack Vendor :STMicroelectronics PDM2PCM 3.3.0
2024-09-01 15:04:41,087 [INFO] ThirdParty:841 - exiting critical section [change project]
2024-09-01 15:04:41,724 [INFO] PinOutPanel:1499 - setPackage(No Configuration,No Configuration)
2024-09-01 15:04:41,726 [INFO] PinOutPanel:1499 - setPackage(STM32F407VGTx,LQFP100)
2024-09-01 15:04:42,540 [INFO] UtilMem:75 - Before build in PCC Used Memory: 230964936 Bytes (526385152)
2024-09-01 15:04:43,649 [INFO] UtilMem:75 - After build in PCC Used Memory: 311340040 Bytes (526385152)
2024-09-01 15:04:43,771 [INFO] ApiDbMcu:508 - Load IP Config File for USB_HOST
2024-09-01 15:04:43,771 [INFO] Middleware:617 - instanceName : USB_HOST bspName : Drive_VBUS_FS check condition success for : SW_VBUS_DRIVE_AUDIO_FS = false
2024-09-01 15:04:43,771 [INFO] Middleware:617 - instanceName : USB_HOST bspName : Drive_VBUS_FS check condition success for : SW_VBUS_DRIVE_AUDIO_FS = false
2024-09-01 15:04:43,772 [INFO] Middleware:617 - instanceName : USB_HOST bspName : Drive_VBUS_HS check condition success for : SW_VBUS_DRIVE_AUDIO_HS = false
2024-09-01 15:04:43,772 [INFO] Middleware:617 - instanceName : USB_HOST bspName : Drive_VBUS_HS check condition success for : SW_VBUS_DRIVE_AUDIO_HS = false
2024-09-01 15:04:43,772 [INFO] Middleware:617 - instanceName : USB_HOST bspName : Drive_VBUS_FS check condition success for : SW_VBUS_DRIVE_CDC_FS = false
2024-09-01 15:04:43,772 [INFO] Middleware:617 - instanceName : USB_HOST bspName : Drive_VBUS_FS check condition success for : SW_VBUS_DRIVE_CDC_FS = false
2024-09-01 15:04:43,772 [INFO] Middleware:617 - instanceName : USB_HOST bspName : Drive_VBUS_FS check condition success for : SW_VBUS_DRIVE_CDC_FS = false
2024-09-01 15:04:43,772 [INFO] Middleware:617 - instanceName : USB_HOST bspName : Drive_VBUS_HS check condition success for : SW_VBUS_DRIVE_CDC_HS = false
2024-09-01 15:04:43,772 [INFO] Middleware:617 - instanceName : USB_HOST bspName : Drive_VBUS_HS check condition success for : SW_VBUS_DRIVE_CDC_HS = false
2024-09-01 15:04:43,773 [INFO] Middleware:617 - instanceName : USB_HOST bspName : Drive_VBUS_FS check condition success for : SW_VBUS_DRIVE_HID_FS = false
2024-09-01 15:04:43,773 [INFO] Middleware:617 - instanceName : USB_HOST bspName : Drive_VBUS_FS check condition success for : SW_VBUS_DRIVE_HID_FS = false
2024-09-01 15:04:43,773 [INFO] Middleware:617 - instanceName : USB_HOST bspName : Drive_VBUS_HS check condition success for : SW_VBUS_DRIVE_HID_HS = false
2024-09-01 15:04:43,773 [INFO] Middleware:617 - instanceName : USB_HOST bspName : Drive_VBUS_HS check condition success for : SW_VBUS_DRIVE_HID_HS = false
2024-09-01 15:04:43,773 [INFO] Middleware:617 - instanceName : USB_HOST bspName : Drive_VBUS_FS check condition success for : SW_VBUS_DRIVE_MSC_FS = false
2024-09-01 15:04:43,773 [INFO] Middleware:617 - instanceName : USB_HOST bspName : Drive_VBUS_FS check condition success for : SW_VBUS_DRIVE_MSC_FS = false
2024-09-01 15:04:43,773 [INFO] Middleware:617 - instanceName : USB_HOST bspName : Drive_VBUS_HS check condition success for : SW_VBUS_DRIVE_MSC_HS = false
2024-09-01 15:04:43,773 [INFO] Middleware:617 - instanceName : USB_HOST bspName : Drive_VBUS_HS check condition success for : SW_VBUS_DRIVE_MSC_HS = false
2024-09-01 15:04:43,773 [INFO] Middleware:617 - instanceName : USB_HOST bspName : Drive_VBUS_FS check condition success for : ALL_SW_VBUS_DRIVE_FS = false
2024-09-01 15:04:43,774 [INFO] Middleware:617 - instanceName : USB_HOST bspName : Drive_VBUS_FS check condition success for : ALL_SW_VBUS_DRIVE_FS = false
2024-09-01 15:04:43,774 [INFO] Middleware:617 - instanceName : USB_HOST bspName : Drive_VBUS_HS check condition success for : ALL_SW_VBUS_DRIVE_HS = false
2024-09-01 15:04:43,774 [INFO] Middleware:617 - instanceName : USB_HOST bspName : Drive_VBUS_HS check condition success for : ALL_SW_VBUS_DRIVE_HS = false
2024-09-01 15:04:43,774 [INFO] Middleware:617 - instanceName : USB_HOST bspName : Drive_VBUS_FS check condition success for : SW_VBUS_DRIVE_MTP_FS = false
2024-09-01 15:04:43,774 [INFO] Middleware:617 - instanceName : USB_HOST bspName : Drive_VBUS_FS check condition success for : SW_VBUS_DRIVE_MTP_FS = false
2024-09-01 15:04:43,774 [INFO] Middleware:617 - instanceName : USB_HOST bspName : Drive_VBUS_HS check condition success for : SW_VBUS_DRIVE_MTP_HS = false
2024-09-01 15:04:43,774 [INFO] Middleware:617 - instanceName : USB_HOST bspName : Drive_VBUS_HS check condition success for : SW_VBUS_DRIVE_MTP_HS = false
2024-09-01 15:04:43,776 [WARN] BspModel:444 - BSP dependency skipped because of component: name='IOExpander', api='Unknown'
2024-09-01 15:04:43,822 [INFO] IPUIPlugin:80 - create IPUIPlugin
2024-09-01 15:04:43,822 [INFO] IPUIPlugin:80 - create IPUIPlugin
2024-09-01 15:04:43,822 [INFO] IPUIPlugin:80 - create IPUIPlugin
2024-09-01 15:04:43,823 [INFO] IPUIPlugin:80 - create IPUIPlugin
2024-09-01 15:04:43,823 [INFO] IPUIPlugin:80 - create IPUIPlugin
2024-09-01 15:04:43,823 [INFO] IPUIPlugin:80 - create IPUIPlugin
2024-09-01 15:04:43,823 [INFO] IPUIPlugin:80 - create IPUIPlugin
2024-09-01 15:04:43,824 [INFO] IPUIPlugin:80 - create IPUIPlugin
2024-09-01 15:04:43,824 [INFO] IPUIPlugin:80 - create IPUIPlugin
2024-09-01 15:04:43,824 [INFO] IPUIPlugin:80 - create IPUIPlugin
2024-09-01 15:04:43,824 [INFO] IPUIPlugin:80 - create IPUIPlugin
2024-09-01 15:04:43,824 [INFO] IPUIPlugin:80 - create IPUIPlugin
2024-09-01 15:04:43,824 [INFO] IPUIPlugin:80 - create IPUIPlugin
2024-09-01 15:04:43,825 [INFO] IPUIPlugin:80 - create IPUIPlugin
2024-09-01 15:04:43,825 [INFO] IPUIPlugin:80 - create IPUIPlugin
2024-09-01 15:04:43,827 [INFO] IPUIPlugin:80 - create IPUIPlugin
2024-09-01 15:04:43,827 [INFO] IPUIPlugin:80 - create IPUIPlugin
2024-09-01 15:04:43,827 [INFO] IPUIPlugin:80 - create IPUIPlugin
2024-09-01 15:04:43,828 [INFO] IPUIPlugin:80 - create IPUIPlugin
2024-09-01 15:04:43,828 [INFO] IPUIPlugin:80 - create IPUIPlugin
2024-09-01 15:04:43,828 [INFO] IPUIPlugin:80 - create IPUIPlugin
2024-09-01 15:04:43,829 [INFO] IPUIPlugin:80 - create IPUIPlugin
2024-09-01 15:04:43,829 [INFO] IPUIPlugin:80 - create IPUIPlugin
2024-09-01 15:04:43,830 [INFO] IPUIPlugin:80 - create IPUIPlugin
2024-09-01 15:04:43,830 [INFO] IPUIPlugin:80 - create IPUIPlugin
2024-09-01 15:04:43,831 [INFO] IPUIPlugin:80 - create IPUIPlugin
2024-09-01 15:04:43,832 [INFO] IPUIPlugin:80 - create IPUIPlugin
2024-09-01 15:04:43,832 [INFO] IPUIPlugin:80 - create IPUIPlugin
2024-09-01 15:04:43,832 [INFO] IPUIPlugin:80 - create IPUIPlugin
2024-09-01 15:04:43,833 [INFO] IPUIPlugin:80 - create IPUIPlugin
2024-09-01 15:04:43,833 [INFO] IPUIPlugin:80 - create IPUIPlugin
2024-09-01 15:04:43,833 [INFO] IPUIPlugin:80 - create IPUIPlugin
2024-09-01 15:04:43,834 [INFO] IPUIPlugin:80 - create IPUIPlugin
2024-09-01 15:04:43,834 [INFO] IPUIPlugin:80 - create IPUIPlugin
2024-09-01 15:04:43,835 [INFO] IPUIPlugin:80 - create IPUIPlugin
2024-09-01 15:04:43,835 [INFO] IPUIPlugin:80 - create IPUIPlugin
2024-09-01 15:04:43,836 [INFO] IPUIPlugin:80 - create IPUIPlugin
2024-09-01 15:04:43,836 [INFO] IPUIPlugin:80 - create IPUIPlugin
2024-09-01 15:04:43,836 [INFO] IPUIPlugin:80 - create IPUIPlugin
2024-09-01 15:04:43,837 [INFO] IPUIPlugin:80 - create IPUIPlugin
2024-09-01 15:04:43,837 [INFO] IPUIPlugin:80 - create IPUIPlugin
2024-09-01 15:04:43,838 [INFO] IPUIPlugin:80 - create IPUIPlugin
2024-09-01 15:04:43,838 [INFO] IPUIPlugin:80 - create IPUIPlugin
2024-09-01 15:04:43,839 [INFO] IPUIPlugin:80 - create IPUIPlugin
2024-09-01 15:04:43,839 [INFO] IPUIPlugin:80 - create IPUIPlugin
2024-09-01 15:04:43,840 [INFO] IPUIPlugin:80 - create IPUIPlugin
2024-09-01 15:04:43,840 [INFO] IPUIPlugin:80 - create IPUIPlugin
2024-09-01 15:04:43,841 [INFO] IPUIPlugin:80 - create IPUIPlugin
2024-09-01 15:04:43,841 [INFO] IPUIPlugin:80 - create IPUIPlugin
2024-09-01 15:04:43,842 [INFO] IPUIPlugin:80 - create IPUIPlugin
2024-09-01 15:04:43,842 [INFO] IPUIPlugin:80 - create IPUIPlugin
2024-09-01 15:04:43,843 [INFO] IPUIPlugin:80 - create IPUIPlugin
2024-09-01 15:04:43,843 [INFO] IPUIPlugin:80 - create IPUIPlugin
2024-09-01 15:04:43,844 [INFO] IPUIPlugin:80 - create IPUIPlugin
2024-09-01 15:04:43,845 [INFO] IPUIPlugin:80 - create IPUIPlugin
2024-09-01 15:04:43,847 [INFO] IPUIPlugin:80 - create IPUIPlugin
2024-09-01 15:04:43,848 [INFO] IPUIPlugin:80 - create IPUIPlugin
2024-09-01 15:04:43,849 [INFO] IPUIPlugin:80 - create IPUIPlugin
2024-09-01 15:04:43,862 [INFO] ApiDbMcu:508 - Load IP Config File for PDM2PCM
2024-09-01 15:04:43,880 [INFO] Can:71 - Can Add PropertyChangeListener com.st.microxplorer.plugins.ip.can.Can@6f79f62d
2024-09-01 15:04:43,882 [WARN] IP:2119 - I2C_Coeff_DF not found: check if there is a RefParameter without a condition.
2024-09-01 15:04:43,883 [WARN] IP:2119 - Analog_Filter not found: check if there is a RefParameter without a condition.
2024-09-01 15:04:43,895 [INFO] I2sManager:658 - 9.6E7
2024-09-01 15:04:43,896 [INFO] I2sManager:195 - I2S Clock Value : 9.6E7
2024-09-01 15:04:43,900 [INFO] I2sManager:553 - AudioClock : 93750Divider : 2Odd : 0
2024-09-01 15:04:44,188 [INFO] CADModel:165 - CPN selected for project levelSTM32F407VGT6
2024-09-01 15:04:44,189 [INFO] CADModel:114 - Register for checkConnection events
2024-09-01 15:04:44,229 [INFO] OpenFileManager:343 - Restore cursor
2024-09-01 15:04:44,482 [WARN] IP:2119 - I2C_Coeff_DF not found: check if there is a RefParameter without a condition.
2024-09-01 15:04:44,482 [WARN] IP:2119 - Analog_Filter not found: check if there is a RefParameter without a condition.
2024-09-01 15:04:44,483 [WARN] IP:2119 - I2C_Coeff_DF not found: check if there is a RefParameter without a condition.
2024-09-01 15:04:44,483 [WARN] IP:2119 - Analog_Filter not found: check if there is a RefParameter without a condition.
2024-09-01 15:04:44,504 [INFO] Middleware:617 - instanceName : USB_HOST bspName : Drive_VBUS_FS check condition success for : SW_VBUS_DRIVE_AUDIO_FS = false
2024-09-01 15:04:44,504 [INFO] Middleware:617 - instanceName : USB_HOST bspName : Drive_VBUS_FS check condition success for : SW_VBUS_DRIVE_AUDIO_FS = false
2024-09-01 15:04:44,504 [INFO] Middleware:617 - instanceName : USB_HOST bspName : Drive_VBUS_HS check condition success for : SW_VBUS_DRIVE_AUDIO_HS = false
2024-09-01 15:04:44,504 [INFO] Middleware:617 - instanceName : USB_HOST bspName : Drive_VBUS_HS check condition success for : SW_VBUS_DRIVE_AUDIO_HS = false
2024-09-01 15:04:44,505 [INFO] Middleware:617 - instanceName : USB_HOST bspName : Drive_VBUS_FS check condition success for : SW_VBUS_DRIVE_CDC_FS = false
2024-09-01 15:04:44,505 [INFO] Middleware:617 - instanceName : USB_HOST bspName : Drive_VBUS_FS check condition success for : SW_VBUS_DRIVE_CDC_FS = false
2024-09-01 15:04:44,505 [INFO] Middleware:617 - instanceName : USB_HOST bspName : Drive_VBUS_FS check condition success for : SW_VBUS_DRIVE_CDC_FS = false
2024-09-01 15:04:44,505 [INFO] Middleware:617 - instanceName : USB_HOST bspName : Drive_VBUS_HS check condition success for : SW_VBUS_DRIVE_CDC_HS = false
2024-09-01 15:04:44,505 [INFO] Middleware:617 - instanceName : USB_HOST bspName : Drive_VBUS_HS check condition success for : SW_VBUS_DRIVE_CDC_HS = false
2024-09-01 15:04:44,505 [INFO] Middleware:617 - instanceName : USB_HOST bspName : Drive_VBUS_FS check condition success for : SW_VBUS_DRIVE_HID_FS = false
2024-09-01 15:04:44,505 [INFO] Middleware:617 - instanceName : USB_HOST bspName : Drive_VBUS_FS check condition success for : SW_VBUS_DRIVE_HID_FS = false
2024-09-01 15:04:44,505 [INFO] Middleware:617 - instanceName : USB_HOST bspName : Drive_VBUS_HS check condition success for : SW_VBUS_DRIVE_HID_HS = false
2024-09-01 15:04:44,505 [INFO] Middleware:617 - instanceName : USB_HOST bspName : Drive_VBUS_HS check condition success for : SW_VBUS_DRIVE_HID_HS = false
2024-09-01 15:04:44,506 [INFO] Middleware:617 - instanceName : USB_HOST bspName : Drive_VBUS_FS check condition success for : SW_VBUS_DRIVE_MSC_FS = false
2024-09-01 15:04:44,506 [INFO] Middleware:617 - instanceName : USB_HOST bspName : Drive_VBUS_FS check condition success for : SW_VBUS_DRIVE_MSC_FS = false
2024-09-01 15:04:44,506 [INFO] Middleware:617 - instanceName : USB_HOST bspName : Drive_VBUS_HS check condition success for : SW_VBUS_DRIVE_MSC_HS = false
2024-09-01 15:04:44,506 [INFO] Middleware:617 - instanceName : USB_HOST bspName : Drive_VBUS_HS check condition success for : SW_VBUS_DRIVE_MSC_HS = false
2024-09-01 15:04:44,506 [INFO] Middleware:617 - instanceName : USB_HOST bspName : Drive_VBUS_FS check condition success for : ALL_SW_VBUS_DRIVE_FS = false
2024-09-01 15:04:44,506 [INFO] Middleware:617 - instanceName : USB_HOST bspName : Drive_VBUS_FS check condition success for : ALL_SW_VBUS_DRIVE_FS = false
2024-09-01 15:04:44,506 [INFO] Middleware:617 - instanceName : USB_HOST bspName : Drive_VBUS_HS check condition success for : ALL_SW_VBUS_DRIVE_HS = false
2024-09-01 15:04:44,506 [INFO] Middleware:617 - instanceName : USB_HOST bspName : Drive_VBUS_HS check condition success for : ALL_SW_VBUS_DRIVE_HS = false
2024-09-01 15:04:44,506 [INFO] Middleware:617 - instanceName : USB_HOST bspName : Drive_VBUS_FS check condition success for : SW_VBUS_DRIVE_MTP_FS = false
2024-09-01 15:04:44,506 [INFO] Middleware:617 - instanceName : USB_HOST bspName : Drive_VBUS_FS check condition success for : SW_VBUS_DRIVE_MTP_FS = false
2024-09-01 15:04:44,507 [INFO] Middleware:617 - instanceName : USB_HOST bspName : Drive_VBUS_HS check condition success for : SW_VBUS_DRIVE_MTP_HS = false
2024-09-01 15:04:44,507 [INFO] Middleware:617 - instanceName : USB_HOST bspName : Drive_VBUS_HS check condition success for : SW_VBUS_DRIVE_MTP_HS = false
2024-09-01 15:07:14,574 [INFO] NvicIntPanel:101 - NVIC parent = com.st.microxplorer.plugins.ip.nvic.MultiNvicIntPanel[,0,0,0x0,invalid,layout=javax.swing.BoxLayout,alignmentX=0.0,alignmentY=0.0,border=,flags=9,maximumSize=,minimumSize=,preferredSize=]
2024-09-01 15:07:14,716 [INFO] NvicIntPanel:101 - NVIC parent = com.st.microxplorer.plugins.ip.nvic.MultiNvicIntPanel[,0,0,0x0,invalid,layout=javax.swing.BoxLayout,alignmentX=0.0,alignmentY=0.0,border=,flags=9,maximumSize=,minimumSize=,preferredSize=]
2024-09-01 15:07:20,933 [INFO] NvicIntPanel:101 - NVIC parent = com.st.microxplorer.plugins.ip.nvic.MultiNvicIntPanel[,0,0,0x0,invalid,layout=javax.swing.BoxLayout,alignmentX=0.0,alignmentY=0.0,border=,flags=9,maximumSize=,minimumSize=,preferredSize=]
2024-09-01 15:07:21,140 [INFO] NvicIntPanel:101 - NVIC parent = com.st.microxplorer.plugins.ip.nvic.MultiNvicIntPanel[,0,0,0x0,invalid,layout=javax.swing.BoxLayout,alignmentX=0.0,alignmentY=0.0,border=,flags=9,maximumSize=,minimumSize=,preferredSize=]
2024-09-01 15:07:23,425 [INFO] NvicIntPanel:101 - NVIC parent = com.st.microxplorer.plugins.ip.nvic.MultiNvicIntPanel[,0,0,0x0,invalid,layout=javax.swing.BoxLayout,alignmentX=0.0,alignmentY=0.0,border=,flags=9,maximumSize=,minimumSize=,preferredSize=]
2024-09-01 15:07:23,546 [INFO] NvicIntPanel:101 - NVIC parent = com.st.microxplorer.plugins.ip.nvic.MultiNvicIntPanel[,0,0,0x0,invalid,layout=javax.swing.BoxLayout,alignmentX=0.0,alignmentY=0.0,border=,flags=9,maximumSize=,minimumSize=,preferredSize=]
2024-09-01 15:07:35,566 [INFO] UtilMem:75 - End SaveConfig() Used Memory: 404839824 Bytes (672137216)
2024-09-01 15:07:36,312 [ERROR] ConfigurationRetriever:142 - IOException on connection: Remote host terminated the handshake
2024-09-01 15:07:36,391 [ERROR] ConfigurationRetriever:142 - IOException on connection: Remote host terminated the handshake
2024-09-01 15:07:37,280 [INFO] UtilMem:75 - End SaveConfig() Used Memory: 426561176 Bytes (672137216)
2024-09-01 15:07:39,691 [ERROR] ConfigurationRetriever:142 - IOException on connection: Remote host terminated the handshake
2024-09-01 15:07:40,569 [INFO] UtilMem:75 - End SaveConfig() Used Memory: 473747096 Bytes (672137216)
2024-09-01 15:07:41,059 [ERROR] ConfigurationRetriever:142 - IOException on connection: Remote host terminated the handshake
2024-09-01 15:07:41,499 [INFO] BlockDiagram:2759 - set Specific Code input for plugin: SPI
2024-09-01 15:07:41,499 [INFO] BlockDiagram:2759 - set Specific Code input for plugin: CAN
2024-09-01 15:07:41,499 [INFO] BlockDiagram:2759 - set Specific Code input for plugin: I2S
2024-09-01 15:07:41,499 [INFO] BlockDiagram:2759 - set Specific Code input for plugin: SYS
2024-09-01 15:07:41,499 [INFO] BlockDiagram:2759 - set Specific Code input for plugin: RCC
2024-09-01 15:07:41,500 [INFO] BlockDiagram:2759 - set Specific Code input for plugin: I2C
2024-09-01 15:07:41,500 [INFO] BlockDiagram:2759 - set Specific Code input for plugin: USB_OTG_FS
2024-09-01 15:07:41,500 [INFO] BlockDiagram:2759 - set Specific Code input for plugin: NVIC
2024-09-01 15:07:41,500 [INFO] BlockDiagram:2759 - set Specific Code input for plugin: USB_HOST
2024-09-01 15:07:41,500 [INFO] BlockDiagram:2759 - set Specific Code input for plugin: GPIO
2024-09-01 15:07:41,502 [INFO] CodeGenerator:807 - code generatio: config db path: C:\ST\STM32CubeIDE_1.14.0\STM32CubeIDE\plugins\com.st.stm32cube.common.mx_6.10.0.202311202037\\db\
2024-09-01 15:07:41,522 [WARN] IP:2119 - I2C_Coeff_DF not found: check if there is a RefParameter without a condition.
2024-09-01 15:07:41,522 [WARN] IP:2119 - Analog_Filter not found: check if there is a RefParameter without a condition.
2024-09-01 15:07:41,928 [INFO] CodeEngine:255 - oldGeneratedFile, C:\Users\s\Documents\GitHub\stm32_code\f4disc1_011_bxcan\MXTmpFiles\license.tmp_save
2024-09-01 15:07:42,360 [INFO] CodeEngine:279 - Generated code: C:\Users\s\Documents\GitHub\stm32_code\f4disc1_011_bxcan\MXTmpFiles\license.tmp
2024-09-01 15:07:42,506 [INFO] CodeEngine:255 - oldGeneratedFile, C:\Users\s\Documents\GitHub\stm32_code\f4disc1_011_bxcan\Core\Src\gpio.c_save
2024-09-01 15:07:42,775 [INFO] CodeEngine:279 - Generated code: C:\Users\s\Documents\GitHub\stm32_code\f4disc1_011_bxcan\Core\Src\gpio.c
2024-09-01 15:07:42,791 [INFO] CodeEngine:255 - oldGeneratedFile, C:\Users\s\Documents\GitHub\stm32_code\f4disc1_011_bxcan\Core\Inc\gpio.h_save
2024-09-01 15:07:42,941 [INFO] CodeEngine:279 - Generated code: C:\Users\s\Documents\GitHub\stm32_code\f4disc1_011_bxcan\Core\Inc\gpio.h
2024-09-01 15:07:43,113 [WARN] IPConfigManager:2946 - Warning: the RefConfig PWREx_EnableUSBVoltageDetector is not available in your config.xml file
2024-09-01 15:07:43,127 [INFO] CodeEngine:255 - oldGeneratedFile, C:\Users\s\Documents\GitHub\stm32_code\f4disc1_011_bxcan\MXTmpFiles\usb_otg_fs_vars.tmp_save
2024-09-01 15:07:43,303 [INFO] CodeEngine:279 - Generated code: C:\Users\s\Documents\GitHub\stm32_code\f4disc1_011_bxcan\MXTmpFiles\usb_otg_fs_vars.tmp
2024-09-01 15:07:43,314 [INFO] CodeEngine:255 - oldGeneratedFile, C:\Users\s\Documents\GitHub\stm32_code\f4disc1_011_bxcan\MXTmpFiles\usb_otg_fs_inc.tmp_save
2024-09-01 15:07:43,476 [INFO] CodeEngine:279 - Generated code: C:\Users\s\Documents\GitHub\stm32_code\f4disc1_011_bxcan\MXTmpFiles\usb_otg_fs_inc.tmp
2024-09-01 15:07:43,483 [INFO] CodeEngine:255 - oldGeneratedFile, C:\Users\s\Documents\GitHub\stm32_code\f4disc1_011_bxcan\MXTmpFiles\usb_otg_fs_HalInit.tmp_save
2024-09-01 15:07:43,594 [INFO] CodeEngine:279 - Generated code: C:\Users\s\Documents\GitHub\stm32_code\f4disc1_011_bxcan\MXTmpFiles\usb_otg_fs_HalInit.tmp
2024-09-01 15:07:43,606 [INFO] CodeEngine:255 - oldGeneratedFile, C:\Users\s\Documents\GitHub\stm32_code\f4disc1_011_bxcan\MXTmpFiles\usb_otg_fs_Msp.tmp_save
2024-09-01 15:07:43,777 [INFO] CodeEngine:279 - Generated code: C:\Users\s\Documents\GitHub\stm32_code\f4disc1_011_bxcan\MXTmpFiles\usb_otg_fs_Msp.tmp
2024-09-01 15:07:44,213 [INFO] CodeEngine:255 - oldGeneratedFile, C:\Users\s\Documents\GitHub\stm32_code\f4disc1_011_bxcan\Core\Src\can.c_save
2024-09-01 15:07:44,478 [INFO] CodeEngine:279 - Generated code: C:\Users\s\Documents\GitHub\stm32_code\f4disc1_011_bxcan\Core\Src\can.c
2024-09-01 15:07:44,498 [INFO] CodeEngine:255 - oldGeneratedFile, C:\Users\s\Documents\GitHub\stm32_code\f4disc1_011_bxcan\Core\Inc\can.h_save
2024-09-01 15:07:44,636 [INFO] CodeEngine:279 - Generated code: C:\Users\s\Documents\GitHub\stm32_code\f4disc1_011_bxcan\Core\Inc\can.h
2024-09-01 15:07:44,673 [INFO] CodeEngine:255 - oldGeneratedFile, C:\Users\s\Documents\GitHub\stm32_code\f4disc1_011_bxcan\Core\Src\i2c.c_save
2024-09-01 15:07:44,968 [INFO] CodeEngine:279 - Generated code: C:\Users\s\Documents\GitHub\stm32_code\f4disc1_011_bxcan\Core\Src\i2c.c
2024-09-01 15:07:44,979 [INFO] CodeEngine:255 - oldGeneratedFile, C:\Users\s\Documents\GitHub\stm32_code\f4disc1_011_bxcan\Core\Inc\i2c.h_save
2024-09-01 15:07:45,089 [INFO] CodeEngine:279 - Generated code: C:\Users\s\Documents\GitHub\stm32_code\f4disc1_011_bxcan\Core\Inc\i2c.h
2024-09-01 15:07:45,108 [INFO] CodeEngine:255 - oldGeneratedFile, C:\Users\s\Documents\GitHub\stm32_code\f4disc1_011_bxcan\Core\Src\i2s.c_save
2024-09-01 15:07:45,288 [INFO] CodeEngine:279 - Generated code: C:\Users\s\Documents\GitHub\stm32_code\f4disc1_011_bxcan\Core\Src\i2s.c
2024-09-01 15:07:45,297 [INFO] CodeEngine:255 - oldGeneratedFile, C:\Users\s\Documents\GitHub\stm32_code\f4disc1_011_bxcan\Core\Inc\i2s.h_save
2024-09-01 15:07:45,378 [INFO] CodeEngine:279 - Generated code: C:\Users\s\Documents\GitHub\stm32_code\f4disc1_011_bxcan\Core\Inc\i2s.h
2024-09-01 15:07:45,391 [INFO] CodeEngine:255 - oldGeneratedFile, C:\Users\s\Documents\GitHub\stm32_code\f4disc1_011_bxcan\Core\Src\spi.c_save
2024-09-01 15:07:45,510 [INFO] CodeEngine:279 - Generated code: C:\Users\s\Documents\GitHub\stm32_code\f4disc1_011_bxcan\Core\Src\spi.c
2024-09-01 15:07:45,519 [INFO] CodeEngine:255 - oldGeneratedFile, C:\Users\s\Documents\GitHub\stm32_code\f4disc1_011_bxcan\Core\Inc\spi.h_save
2024-09-01 15:07:45,599 [INFO] CodeEngine:279 - Generated code: C:\Users\s\Documents\GitHub\stm32_code\f4disc1_011_bxcan\Core\Inc\spi.h
2024-09-01 15:07:45,626 [INFO] CodeEngine:255 - oldGeneratedFile, C:\Users\s\Documents\GitHub\stm32_code\f4disc1_011_bxcan\USB_HOST\App\usb_host.c_save
2024-09-01 15:07:45,749 [INFO] CodeEngine:279 - Generated code: C:\Users\s\Documents\GitHub\stm32_code\f4disc1_011_bxcan\USB_HOST\App\usb_host.c
2024-09-01 15:07:45,771 [INFO] CodeEngine:255 - oldGeneratedFile, C:\Users\s\Documents\GitHub\stm32_code\f4disc1_011_bxcan\USB_HOST\App\usb_host.h_save
2024-09-01 15:07:45,887 [INFO] CodeEngine:279 - Generated code: C:\Users\s\Documents\GitHub\stm32_code\f4disc1_011_bxcan\USB_HOST\App\usb_host.h
2024-09-01 15:07:45,902 [INFO] CodeEngine:255 - oldGeneratedFile, C:\Users\s\Documents\GitHub\stm32_code\f4disc1_011_bxcan\USB_HOST\Target\usbh_conf.h_save
2024-09-01 15:07:46,017 [INFO] CodeEngine:279 - Generated code: C:\Users\s\Documents\GitHub\stm32_code\f4disc1_011_bxcan\USB_HOST\Target\usbh_conf.h
2024-09-01 15:07:46,033 [INFO] CodeEngine:255 - oldGeneratedFile, C:\Users\s\Documents\GitHub\stm32_code\f4disc1_011_bxcan\USB_HOST\Target\usbh_conf.c_save
2024-09-01 15:07:46,115 [INFO] CodeEngine:279 - Generated code: C:\Users\s\Documents\GitHub\stm32_code\f4disc1_011_bxcan\USB_HOST\Target\usbh_conf.c
2024-09-01 15:07:46,129 [INFO] CodeEngine:255 - oldGeneratedFile, C:\Users\s\Documents\GitHub\stm32_code\f4disc1_011_bxcan\USB_HOST\Target\usbh_platform.c_save
2024-09-01 15:07:46,224 [INFO] CodeEngine:279 - Generated code: C:\Users\s\Documents\GitHub\stm32_code\f4disc1_011_bxcan\USB_HOST\Target\usbh_platform.c
2024-09-01 15:07:46,237 [INFO] CodeEngine:255 - oldGeneratedFile, C:\Users\s\Documents\GitHub\stm32_code\f4disc1_011_bxcan\USB_HOST\Target\usbh_platform.h_save
2024-09-01 15:07:46,291 [INFO] CodeEngine:279 - Generated code: C:\Users\s\Documents\GitHub\stm32_code\f4disc1_011_bxcan\USB_HOST\Target\usbh_platform.h
2024-09-01 15:07:46,317 [INFO] CodeEngine:255 - oldGeneratedFile, C:\Users\s\Documents\GitHub\stm32_code\f4disc1_011_bxcan\Core\Src\stm32f4xx_it.c_save
2024-09-01 15:07:46,445 [INFO] CodeEngine:279 - Generated code: C:\Users\s\Documents\GitHub\stm32_code\f4disc1_011_bxcan\Core\Src\stm32f4xx_it.c
2024-09-01 15:07:46,458 [INFO] CodeEngine:255 - oldGeneratedFile, C:\Users\s\Documents\GitHub\stm32_code\f4disc1_011_bxcan\Core\Inc\stm32f4xx_it.h_save
2024-09-01 15:07:46,537 [INFO] CodeEngine:279 - Generated code: C:\Users\s\Documents\GitHub\stm32_code\f4disc1_011_bxcan\Core\Inc\stm32f4xx_it.h
2024-09-01 15:07:46,560 [INFO] CodeEngine:255 - oldGeneratedFile, C:\Users\s\Documents\GitHub\stm32_code\f4disc1_011_bxcan\Core\Src\stm32f4xx_hal_msp.c_save
2024-09-01 15:07:46,695 [INFO] CodeEngine:279 - Generated code: C:\Users\s\Documents\GitHub\stm32_code\f4disc1_011_bxcan\Core\Src\stm32f4xx_hal_msp.c
2024-09-01 15:07:46,707 [INFO] CodeEngine:255 - oldGeneratedFile, C:\Users\s\Documents\GitHub\stm32_code\f4disc1_011_bxcan\MXTmpFiles\system.tmp_save
2024-09-01 15:07:46,811 [INFO] CodeEngine:279 - Generated code: C:\Users\s\Documents\GitHub\stm32_code\f4disc1_011_bxcan\MXTmpFiles\system.tmp
2024-09-01 15:07:46,832 [INFO] CodeEngine:311 - oldGeneratedFile, C:\Users\s\Documents\GitHub\stm32_code\f4disc1_011_bxcan\Core\Inc\stm32f4xx_hal_conf.h_save
2024-09-01 15:07:46,913 [INFO] CodeEngine:335 - Generated code: C:\Users\s\Documents\GitHub\stm32_code\f4disc1_011_bxcan\Core\Inc\stm32f4xx_hal_conf.h
2024-09-01 15:07:46,977 [INFO] CodeEngine:255 - oldGeneratedFile, C:\Users\s\Documents\GitHub\stm32_code\f4disc1_011_bxcan\Core\Inc\main.h_save
2024-09-01 15:07:47,100 [INFO] CodeEngine:279 - Generated code: C:\Users\s\Documents\GitHub\stm32_code\f4disc1_011_bxcan\Core\Inc\main.h
2024-09-01 15:07:47,117 [INFO] CodeEngine:255 - oldGeneratedFile, C:\Users\s\Documents\GitHub\stm32_code\f4disc1_011_bxcan\Core\Src\main.c_save
2024-09-01 15:07:47,311 [INFO] CodeEngine:279 - Generated code: C:\Users\s\Documents\GitHub\stm32_code\f4disc1_011_bxcan\Core\Src\main.c
2024-09-01 15:07:48,304 [INFO] ProjectBuilder:3076 - Time for Copy HAL[1] : 313mS.
2024-09-01 15:07:48,317 [INFO] ProjectBuilder:4485 - Project Generator version: 4.2.0-B44
2024-09-01 15:07:48,775 [INFO] ConfigFileManager:1495 - The Die is : DIE413
2024-09-01 15:07:48,783 [INFO] ApiDbMcu:508 - Load IP Config File for FATFS
2024-09-01 15:07:48,787 [INFO] ApiDbMcu:508 - Load IP Config File for FREERTOS
2024-09-01 15:07:48,789 [INFO] ApiDbMcu:508 - Load IP Config File for LIBJPEG
2024-09-01 15:07:48,795 [INFO] ApiDbMcu:508 - Load IP Config File for LWIP
2024-09-01 15:07:48,805 [INFO] ApiDbMcu:508 - Load IP Config File for MBEDTLS
2024-09-01 15:07:48,816 [INFO] ApiDbMcu:508 - Load IP Config File for USB_DEVICE
